Arguments: 
  /Users/reenaverma/.nvm/versions/node/v9.4.0/bin/node /usr/local/Cellar/yarn/1.7.0/libexec/bin/yarn.js add global

PATH: 
  /Users/reenaverma/.nvm/versions/node/v9.4.0/bin:/Users/reenaverma/bin:/usr/local/bin:/usr/local/bin:/usr/bin:/bin:/usr/sbin:/sbin

Yarn version: 
  1.7.0

Node version: 
  9.4.0

Platform: 
  darwin x64

Trace: 
  Error: getaddrinfo ENOTFOUND registry.yarnpkg.com registry.yarnpkg.com:443
      at errnoException (dns.js:55:10)
      at GetAddrInfoReqWrap.onlookup [as oncomplete] (dns.js:97:26)

npm manifest: 
  {
    "name": "JOB-BOARD",
    "version": "1.0.0",
    "main": "index.js",
    "author": "ReenaVerma <reena_verma@hotmail.com>",
    "license": "MIT"
  }

yarn manifest: 
  No manifest

Lockfile: 
  No lockfile
